<?xml version="1.0" encoding="UTF-8"?>
<!-- Generated by org.testng.reporters.JUnitReportReporter -->
<testsuite hostname="Dell-Laptop-3rd-Floor-room2" failures="0" tests="4" name="com.actitime.testscript.CustomerModule" time="18.109" errors="0" timestamp="2023-08-13T12:44:29 IST" skipped="0">
  <testcase classname="com.actitime.testscript.CustomerModule" name="deleteCustomer" time="4.823"/>
  <testcase classname="com.actitime.testscript.CustomerModule" name="createCustomer" time="4.155"/>
  <testcase classname="com.actitime.testscript.CustomerModule" name="createCustomer" time="5.047"/>
  <testcase classname="com.actitime.testscript.CustomerModule" name="deleteCustomer" time="4.084"/>
</testsuite> <!-- com.actitime.testscript.CustomerModule -->
